[    0.000000] Linux version 4.15.0-64-generic (buildd@lgw01-amd64-038) (gcc version 7.4.0 (Ubuntu 7.4.0-1ubuntu1~18.04.1)) #73-Ubuntu SMP Thu Sep 12 13:16:13 UTC 2019 (Ubuntu 4.15.0-64.73-generic 4.15.18)
[    0.000000] Command line: BOOT_IMAGE=/boot/vmlinuz-4.15.0-64-generic root=LABEL=cloudimg-rootfs ro console=tty1 console=ttyS0
[    0.000000] KERNEL supported cpus:
[    0.000000]   Intel GenuineIntel
[    0.000000]   AMD AuthenticAMD
[    0.000000]   Centaur CentaurHauls
[    0.000000] x86/fpu: Supporting XSAVE feature 0x001: 'x87 floating point registers'
[    0.000000] x86/fpu: Supporting XSAVE feature 0x002: 'SSE registers'
[    0.000000] x86/fpu: Supporting XSAVE feature 0x004: 'AVX registers'
[    0.000000] x86/fpu: xstate_offset[2]:  576, xstate_sizes[2]:  256
[    0.000000] x86/fpu: Enabled xstate features 0x7, context size is 832 bytes, using 'standard' format.
[    0.000000] e820: BIOS-provided physical RAM map:
[    0.000000] BIOS-e820: [mem 0x0000000000000000-0x000000000009fbff] usable
[    0.000000] BIOS-e820: [mem 0x000000000009fc00-0x000000000009ffff] reserved
[    0.000000] BIOS-e820: [mem 0x00000000000f0000-0x00000000000fffff] reserved
[    0.000000] BIOS-e820: [mem 0x0000000000100000-0x000000003ffeffff] usable
[    0.000000] BIOS-e820: [mem 0x000000003fff0000-0x000000003fffffff] ACPI data
[    0.000000] BIOS-e820: [mem 0x00000000fec00000-0x00000000fec00fff] reserved
[    0.000000] BIOS-e820: [mem 0x00000000fee00000-0x00000000fee00fff] reserved
[    0.000000] BIOS-e820: [mem 0x00000000fffc0000-0x00000000ffffffff] reserved
[    0.000000] NX (Execute Disable) protection: active
[    0.000000] SMBIOS 2.5 present.
[    0.000000] DMI: innotek GmbH VirtualBox/VirtualBox, BIOS VirtualBox 12/01/2006
[    0.000000] Hypervisor detected: KVM
[    0.000000] e820: last_pfn = 0x3fff0 max_arch_pfn = 0x400000000
[    0.000000] MTRR: Disabled
[    0.000000] x86/PAT: MTRRs disabled, skipping PAT initialization too.
[    0.000000] CPU MTRRs all blank - virtualized system.
[    0.000000] x86/PAT: Configuration [0-7]: WB  WT  UC- UC  WB  WT  UC- UC  
[    0.000000] found SMP MP-table at [mem 0x0009fff0-0x0009ffff]
[    0.000000] Scanning 1 areas for low memory corruption
[    0.000000] RAMDISK: [mem 0x35a89000-0x36d3bfff]
[    0.000000] ACPI: Early table checksum verification disabled
[    0.000000] ACPI: RSDP 0x00000000000E0000 000024 (v02 VBOX  )
[    0.000000] ACPI: XSDT 0x000000003FFF0030 00003C (v01 VBOX   VBOXXSDT 00000001 ASL  00000061)
[    0.000000] ACPI: FACP 0x000000003FFF00F0 0000F4 (v04 VBOX   VBOXFACP 00000001 ASL  00000061)
[    0.000000] ACPI: DSDT 0x000000003FFF0470 0022EA (v02 VBOX   VBOXBIOS 00000002 INTL 20100528)
[    0.000000] ACPI: FACS 0x000000003FFF0200 000040
[    0.000000] ACPI: FACS 0x000000003FFF0200 000040
[    0.000000] ACPI: APIC 0x000000003FFF0240 00005C (v02 VBOX   VBOXAPIC 00000001 ASL  00000061)
[    0.000000] ACPI: SSDT 0x000000003FFF02A0 0001CC (v01 VBOX   VBOXCPUT 00000002 INTL 20100528)
[    0.000000] No NUMA configuration found
[    0.000000] Faking a node at [mem 0x0000000000000000-0x000000003ffeffff]
[    0.000000] NODE_DATA(0) allocated [mem 0x3ffc5000-0x3ffeffff]
[    0.000000] kvm-clock: cpu 0, msr 0:3ff44001, primary cpu clock
[    0.000000] kvm-clock: Using msrs 4b564d01 and 4b564d00
[    0.000000] kvm-clock: using sched offset of 4839776835 cycles
[    0.000000] clocksource: kvm-clock: mask: 0xffffffffffffffff max_cycles: 0x1cd42e4dffb, max_idle_ns: 881590591483 ns
[    0.000000] Zone ranges:
[    0.000000]   DMA      [mem 0x0000000000001000-0x0000000000ffffff]
[    0.000000]   DMA32    [mem 0x0000000001000000-0x000000003ffeffff]
[    0.000000]   Normal   empty
[    0.000000]   Device   empty
[    0.000000] Movable zone start for each node
[    0.000000] Early memory node ranges
[    0.000000]   node   0: [mem 0x0000000000001000-0x000000000009efff]
[    0.000000]   node   0: [mem 0x0000000000100000-0x000000003ffeffff]
[    0.000000] Reserved but unavailable: 98 pages
[    0.000000] Initmem setup node 0 [mem 0x0000000000001000-0x000000003ffeffff]
[    0.000000] ACPI: PM-Timer IO Port: 0x4008
[    0.000000] IOAPIC[0]: apic_id 2, version 32, address 0xfec00000, GSI 0-23
[    0.000000] ACPI: INT_SRC_OVR (bus 0 bus_irq 0 global_irq 2 dfl dfl)
[    0.000000] ACPI: INT_SRC_OVR (bus 0 bus_irq 9 global_irq 9 low level)
[    0.000000] Using ACPI (MADT) for SMP configuration information
[    0.000000] smpboot: Allowing 2 CPUs, 0 hotplug CPUs
[    0.000000] PM: Registered nosave memory: [mem 0x00000000-0x00000fff]
[    0.000000] PM: Registered nosave memory: [mem 0x0009f000-0x0009ffff]
[    0.000000] PM: Registered nosave memory: [mem 0x000a0000-0x000effff]
[    0.000000] PM: Registered nosave memory: [mem 0x000f0000-0x000fffff]
[    0.000000] e820: [mem 0x40000000-0xfebfffff] available for PCI devices
[    0.000000] Booting paravirtualized kernel on KVM
[    0.000000] clocksource: refined-jiffies: mask: 0xffffffff max_cycles: 0xffffffff, max_idle_ns: 7645519600211568 ns
[    0.000000] random: get_random_bytes called from start_kernel+0x99/0x4fd with crng_init=0
[    0.000000] setup_percpu: NR_CPUS:8192 nr_cpumask_bits:2 nr_cpu_ids:2 nr_node_ids:1
[    0.000000] percpu: Embedded 46 pages/cpu s151552 r8192 d28672 u1048576
[    0.000000] PV qspinlock hash table entries: 256 (order: 0, 4096 bytes)
[    0.000000] Built 1 zonelists, mobility grouping on.  Total pages: 257913
[    0.000000] Policy zone: DMA32
[    0.000000] Kernel command line: BOOT_IMAGE=/boot/vmlinuz-4.15.0-64-generic root=LABEL=cloudimg-rootfs ro console=tty1 console=ttyS0
[    0.000000] Memory: 983436K/1048120K available (12300K kernel code, 2481K rwdata, 4172K rodata, 2436K init, 2384K bss, 64684K reserved, 0K cma-reserved)
[    0.000000] SLUB: HWalign=64, Order=0-3, MinObjects=0, CPUs=2, Nodes=1
[    0.000000] Kernel/User page tables isolation: enabled
[    0.000000] ftrace: allocating 39306 entries in 154 pages
[    0.004000] Hierarchical RCU implementation.
[    0.004000] 	RCU restricting CPUs from NR_CPUS=8192 to nr_cpu_ids=2.
[    0.004000] 	Tasks RCU enabled.
[    0.004000] RCU: Adjusting geometry for rcu_fanout_leaf=16, nr_cpu_ids=2
[    0.004000] NR_IRQS: 524544, nr_irqs: 440, preallocated irqs: 16
[    0.004000] Console: colour VGA+ 80x25
[    0.004000] console [tty1] enabled
[    0.004000] console [ttyS0] enabled
[    0.004000] ACPI: Core revision 20170831
[    0.004000] ACPI: 2 ACPI AML tables successfully acquired and loaded
[    0.004000] APIC: Switch to symmetric I/O mode setup
[    0.004000] x2apic enabled
[    0.004000] Switched APIC routing to physical x2apic.
[    0.004000] ..TIMER: vector=0x30 apic1=0 pin1=2 apic2=-1 pin2=-1
[    0.004004] tsc: Detected 1895.999 MHz processor
[    0.008007] Calibrating delay loop (skipped) preset value.. 3791.99 BogoMIPS (lpj=7583996)
[    0.009658] pid_max: default: 32768 minimum: 301
[    0.010630] Security Framework initialized
[    0.011537] Yama: becoming mindful.
[    0.012019] AppArmor: AppArmor initialized
[    0.016000] Dentry cache hash table entries: 131072 (order: 8, 1048576 bytes)
[    0.016133] Inode-cache hash table entries: 65536 (order: 7, 524288 bytes)
[    0.020044] Mount-cache hash table entries: 2048 (order: 2, 16384 bytes)
[    0.022963] Mountpoint-cache hash table entries: 2048 (order: 2, 16384 bytes)
[    0.024552] Last level iTLB entries: 4KB 64, 2MB 8, 4MB 8
[    0.028005] Last level dTLB entries: 4KB 64, 2MB 0, 4MB 0, 1GB 4
[    0.030688] Spectre V1 : Mitigation: usercopy/swapgs barriers and __user pointer sanitization
[    0.032005] Spectre V2 : Mitigation: Full generic retpoline
[    0.034370] Spectre V2 : Spectre v2 / SpectreRSB mitigation: Filling RSB on context switch
[    0.036004] Speculative Store Bypass: Vulnerable
[    0.040068] MDS: Vulnerable: Clear CPU buffers attempted, no microcode
[    0.043311] Freeing SMP alternatives memory: 36K
[    0.052000] smpboot: CPU0: Intel(R) Core(TM) i5-8350U CPU @ 1.70GHz (family: 0x6, model: 0x8e, stepping: 0xa)
[    0.052143] Performance Events: unsupported p6 CPU model 142 no PMU driver, software events only.
[    0.056067] Hierarchical SRCU implementation.
[    0.061136] NMI watchdog: Perf event create on CPU 0 failed with -2
[    0.064009] NMI watchdog: Perf NMI watchdog permanently disabled
[    0.068111] smp: Bringing up secondary CPUs ...
[    0.070243] x86: Booting SMP configuration:
[    0.072005] .... node  #0, CPUs:      #1
[    0.004000] kvm-clock: cpu 1, msr 0:3ff44041, secondary cpu clock
[    0.079297] smp: Brought up 1 node, 2 CPUs
[    0.080010] smpboot: Max logical packages: 1
[    0.081993] smpboot: Total of 2 processors activated (7583.99 BogoMIPS)
[    0.084219] devtmpfs: initialized
[    0.088111] x86/mm: Memory block size: 128MB
[    0.090481] evm: security.selinux
[    0.092006] evm: security.SMACK64
[    0.093719] evm: security.SMACK64EXEC
[    0.095467] evm: security.SMACK64TRANSMUTE
[    0.096004] evm: security.SMACK64MMAP
[    0.097801] evm: security.apparmor
[    0.100005] evm: security.ima
[    0.101641] evm: security.capability
[    0.104204] clocksource: jiffies: mask: 0xffffffff max_cycles: 0xffffffff, max_idle_ns: 7645041785100000 ns
[    0.108017] futex hash table entries: 512 (order: 3, 32768 bytes)
[    0.116041] pinctrl core: initialized pinctrl subsystem
[    0.120213] RTC time: 23:56:21, date: 10/14/19
[    0.124329] NET: Registered protocol family 16
[    0.128180] audit: initializing netlink subsys (disabled)
[    0.132058] audit: type=2000 audit(1571097387.166:1): state=initialized audit_enabled=0 res=1
[    0.136013] cpuidle: using governor ladder
[    0.140015] cpuidle: using governor menu
[    0.141989] ACPI: bus type PCI registered
[    0.144005] acpiphp: ACPI Hot Plug PCI Controller Driver version: 0.5
[    0.148041] PCI: Using configuration type 1 for base access
[    0.152980] HugeTLB registered 2.00 MiB page size, pre-allocated 0 pages
[    0.156159] ACPI: Added _OSI(Module Device)
[    0.160017] ACPI: Added _OSI(Processor Device)
[    0.162033] ACPI: Added _OSI(3.0 _SCP Extensions)
[    0.164017] ACPI: Added _OSI(Processor Aggregator Device)
[    0.166604] ACPI: Added _OSI(Linux-Dell-Video)
[    0.168005] ACPI: Added _OSI(Linux-Lenovo-NV-HDMI-Audio)
[    0.170366] ACPI: Added _OSI(Linux-HPI-Hybrid-Graphics)
[    0.172689] ACPI: Executed 1 blocks of module-level executable AML code
[    0.187218] ACPI: Interpreter enabled
[    0.188027] ACPI: (supports S0 S5)
[    0.189629] ACPI: Using IOAPIC for interrupt routing
[    0.192624] PCI: Using host bridge windows from ACPI; if necessary, use "pci=nocrs" and report a bug
[    0.196263] ACPI: Enabled 2 GPEs in block 00 to 07
[    0.215307] ACPI: PCI Root Bridge [PCI0] (domain 0000 [bus 00-ff])
[    0.216016] acpi PNP0A03:00: _OSC: OS supports [ASPM ClockPM Segments MSI]
[    0.221898] acpi PNP0A03:00: _OSC: not requesting OS control; OS requires [ExtendedConfig ASPM ClockPM MSI]
[    0.224023] acpi PNP0A03:00: fail to add MMCONFIG information, can't access extended PCI configuration space under this bridge.
[    0.228823] PCI host bridge to bus 0000:00
[    0.230579] pci_bus 0000:00: root bus resource [io  0x0000-0x0cf7 window]
[    0.232005] pci_bus 0000:00: root bus resource [io  0x0d00-0xffff window]
[    0.234563] pci_bus 0000:00: root bus resource [mem 0x000a0000-0x000bffff window]
[    0.236003] pci_bus 0000:00: root bus resource [mem 0x40000000-0xfdffffff window]
[    0.238146] pci_bus 0000:00: root bus resource [bus 00-ff]
[    0.245980] pci 0000:00:01.1: legacy IDE quirk: reg 0x10: [io  0x01f0-0x01f7]
[    0.248006] pci 0000:00:01.1: legacy IDE quirk: reg 0x14: [io  0x03f6]
[    0.252005] pci 0000:00:01.1: legacy IDE quirk: reg 0x18: [io  0x0170-0x0177]
[    0.256007] pci 0000:00:01.1: legacy IDE quirk: reg 0x1c: [io  0x0376]
[    0.289333] pci 0000:00:07.0: quirk: [io  0x4000-0x403f] claimed by PIIX4 ACPI
[    0.292031] pci 0000:00:07.0: quirk: [io  0x4100-0x410f] claimed by PIIX4 SMB
[    0.307676] ACPI: PCI Interrupt Link [LNKA] (IRQs 5 9 10 *11)
[    0.308887] ACPI: PCI Interrupt Link [LNKB] (IRQs 5 9 *10 11)
[    0.312290] ACPI: PCI Interrupt Link [LNKC] (IRQs 5 *9 10 11)
[    0.316296] ACPI: PCI Interrupt Link [LNKD] (IRQs 5 9 10 *11)
[    0.320639] SCSI subsystem initialized
[    0.322561] pci 0000:00:02.0: vgaarb: setting as boot VGA device
[    0.323071] pci 0000:00:02.0: vgaarb: VGA device added: decodes=io+mem,owns=io+mem,locks=none
[    0.324011] pci 0000:00:02.0: vgaarb: bridge control possible
[    0.328004] vgaarb: loaded
[    0.329524] ACPI: bus type USB registered
[    0.332037] usbcore: registered new interface driver usbfs
[    0.334649] usbcore: registered new interface driver hub
[    0.336037] usbcore: registered new device driver usb
[    0.340102] EDAC MC: Ver: 3.0.0
[    0.342285] PCI: Using ACPI for IRQ routing
[    0.344589] NetLabel: Initializing
[    0.348005] NetLabel:  domain hash size = 128
[    0.349986] NetLabel:  protocols = UNLABELED CIPSOv4 CALIPSO
[    0.352037] NetLabel:  unlabeled traffic allowed by default
[    0.354642] clocksource: Switched to clocksource kvm-clock
[    0.404472] VFS: Disk quotas dquot_6.6.0
[    0.406055] VFS: Dquot-cache hash table entries: 512 (order 0, 4096 bytes)
[    0.408381] AppArmor: AppArmor Filesystem Enabled
[    0.410862] pnp: PnP ACPI init
[    0.414887] pnp: PnP ACPI: found 3 devices
[    0.435152] clocksource: acpi_pm: mask: 0xffffff max_cycles: 0xffffff, max_idle_ns: 2085701024 ns
[    0.439389] NET: Registered protocol family 2
[    0.452964] TCP established hash table entries: 8192 (order: 4, 65536 bytes)
[    0.455966] TCP bind hash table entries: 8192 (order: 5, 131072 bytes)
[    0.458911] TCP: Hash tables configured (established 8192 bind 8192)
[    0.462694] UDP hash table entries: 512 (order: 2, 16384 bytes)
[    0.466113] UDP-Lite hash table entries: 512 (order: 2, 16384 bytes)
[    0.469867] NET: Registered protocol family 1
[    0.472126] pci 0000:00:00.0: Limiting direct PCI/PCI transfers
[    0.474848] pci 0000:00:01.0: Activating ISA DMA hang workarounds
[    0.477898] pci 0000:00:02.0: Video device with shadowed ROM at [mem 0x000c0000-0x000dffff]
[    0.482105] Unpacking initramfs...
[    1.201414] Freeing initrd memory: 19148K
[    1.203468] clocksource: tsc: mask: 0xffffffffffffffff max_cycles: 0x36a8d041f91, max_idle_ns: 881590460728 ns
[    1.208008] platform rtc_cmos: registered platform RTC device (no PNP device found)
[    1.211648] Scanning for low memory corruption every 60 seconds
[    1.216220] Initialise system trusted keyrings
[    1.219362] Key type blacklist registered
[    1.221555] workingset: timestamp_bits=36 max_order=18 bucket_order=0
[    1.227035] zbud: loaded
[    1.229715] squashfs: version 4.0 (2009/01/31) Phillip Lougher
[    1.233108] fuse init (API version 7.26)
[    1.245002] Key type asymmetric registered
[    1.247195] Asymmetric key parser 'x509' registered
[    1.249681] Block layer SCSI generic (bsg) driver version 0.4 loaded (major 246)
[    1.253641] io scheduler noop registered
[    1.255597] io scheduler deadline registered
[    1.257947] io scheduler cfq registered (default)
[    1.261096] ACPI: AC Adapter [AC] (off-line)
[    1.263340] input: Power Button as /devices/LNXSYSTM:00/LNXPWRBN:00/input/input0
[    1.267179] ACPI: Power Button [PWRF]
[    1.269303] input: Sleep Button as /devices/LNXSYSTM:00/LNXSLPBN:00/input/input1
[    1.273159] ACPI: Sleep Button [SLPF]
[    1.279059] ACPI: Battery Slot [BAT0] (battery present)
[    1.281751] Serial: 8250/16550 driver, 32 ports, IRQ sharing enabled
[    1.306448] 00:02: ttyS0 at I/O 0x3f8 (irq = 4, base_baud = 115200) is a 16550A
[    1.315355] Linux agpgart interface v0.103
[    1.321009] loop: module loaded
[    1.323730] scsi host0: ata_piix
[    1.326090] scsi host1: ata_piix
[    1.328189] ata1: PATA max UDMA/33 cmd 0x1f0 ctl 0x3f6 bmdma 0xd000 irq 14
[    1.331271] ata2: PATA max UDMA/33 cmd 0x170 ctl 0x376 bmdma 0xd008 irq 15
[    1.334080] libphy: Fixed MDIO Bus: probed
[    1.335512] tun: Universal TUN/TAP device driver, 1.6
[    1.337520] PPP generic driver version 2.4.2
[    1.339916] ehci_hcd: USB 2.0 'Enhanced' Host Controller (EHCI) Driver
[    1.342138] ehci-pci: EHCI PCI platform driver
[    1.343461] ehci-platform: EHCI generic platform driver
[    1.344939] ohci_hcd: USB 1.1 'Open' Host Controller (OHCI) Driver
[    1.346376] ohci-pci: OHCI PCI platform driver
[    1.347554] ohci-platform: OHCI generic platform driver
[    1.348789] uhci_hcd: USB Universal Host Controller Interface driver
[    1.349992] i8042: PNP: PS/2 Controller [PNP0303:PS2K,PNP0f03:PS2M] at 0x60,0x64 irq 1,12
[    1.352505] serio: i8042 KBD port at 0x60,0x64 irq 1
[    1.353478] serio: i8042 AUX port at 0x60,0x64 irq 12
[    1.355017] mousedev: PS/2 mouse device common for all mice
[    1.357176] rtc_cmos rtc_cmos: rtc core: registered rtc_cmos as rtc0
[    1.358954] rtc_cmos rtc_cmos: alarms up to one day, 114 bytes nvram
[    1.360235] input: AT Translated Set 2 keyboard as /devices/platform/i8042/serio0/input/input2
[    1.362058] i2c /dev entries driver
[    1.362952] device-mapper: uevent: version 1.0.3
[    1.364101] device-mapper: ioctl: 4.37.0-ioctl (2017-09-20) initialised: dm-devel@redhat.com
[    1.366013] ledtrig-cpu: registered to indicate activity on CPUs
[    1.368278] NET: Registered protocol family 10
[    1.378442] Segment Routing with IPv6
[    1.380424] NET: Registered protocol family 17
[    1.382928] Key type dns_resolver registered
[    1.385966] mce: Using 0 MCE banks
[    1.387824] RAS: Correctable Errors collector initialized.
[    1.390535] sched_clock: Marking stable (1390498457, 0)->(1849484567, -458986110)
[    1.395651] registered taskstats version 1
[    1.397682] Loading compiled-in X.509 certificates
[    1.405556] Loaded X.509 cert 'Build time autogenerated kernel key: 9ff85db0b1f72c0c954e4d2eaca5a9366845820b'
[    1.410463] zswap: loaded using pool lzo/zbud
[    1.420771] Key type big_key registered
[    1.422730] Key type trusted registered
[    1.428979] Key type encrypted registered
[    1.430930] AppArmor: AppArmor sha1 policy hashing enabled
[    1.433518] ima: No TPM chip found, activating TPM-bypass! (rc=-19)
[    1.436298] ima: Allocated hash algorithm: sha1
[    1.438646] evm: HMAC attrs: 0x1
[    1.440736]   Magic number: 7:409:959
[    1.442691] rtc_cmos rtc_cmos: setting system clock to 2019-10-14 23:56:22 UTC (1571097382)
[    1.446844] BIOS EDD facility v0.16 2004-Jun-25, 0 devices found
[    1.449811] EDD information not available.
[    1.497308] Freeing unused kernel image memory: 2436K
[    1.508696] Write protecting the kernel read-only data: 20480k
[    1.513060] Freeing unused kernel image memory: 2008K
[    1.516156] Freeing unused kernel image memory: 1972K
[    1.537539] x86/mm: Checked W+X mappings: passed, no W+X pages found.
[    1.540681] x86/mm: Checking user space page tables
[    1.561031] x86/mm: Checked W+X mappings: passed, no W+X pages found.
Loading, please wait...
starting version 237
[    1.699087] Fusion MPT base driver 3.04.20
[    1.701280] Copyright (c) 1999-2008 LSI Corporation
[    1.744877] e1000: Intel(R) PRO/1000 Network Driver - version 7.3.21-k8-NAPI
[    1.748297] e1000: Copyright (c) 1999-2006 Intel Corporation.
[    1.781648] Fusion MPT SPI Host driver 3.04.20
[    1.784134] AVX2 version of gcm_enc/dec engaged.
[    1.786566] AES CTR mode by8 optimization enabled
[    1.944143] input: ImExPS/2 Generic Explorer Mouse as /devices/platform/i8042/serio1/input/input4
[    2.284362] e1000 0000:00:03.0 eth0: (PCI:33MHz:32-bit) 02:50:d4:3b:43:74
[    2.287347] e1000 0000:00:03.0 eth0: Intel(R) PRO/1000 Network Connection
[    2.292961] mptbase: ioc0: Initiating bringup
[    2.296620] e1000 0000:00:03.0 enp0s3: renamed from eth0
[    2.679904] ioc0: LSI53C1030 A0: Capabilities={Initiator}
[    3.700273] scsi host2: ioc0: LSI53C1030 A0, FwRev=00000000h, Ports=1, MaxQ=256, IRQ=20
[    4.281754] scsi 2:0:0:0: Direct-Access     VBOX     HARDDISK         1.0  PQ: 0 ANSI: 5
[    4.316989] scsi target2:0:0: Beginning Domain Validation
[    4.325219] scsi target2:0:0: Domain Validation skipping write tests
[    4.328105] scsi target2:0:0: Ending Domain Validation
[    4.330715] scsi target2:0:0: asynchronous
[    4.334955] scsi 2:0:1:0: Direct-Access     VBOX     HARDDISK         1.0  PQ: 0 ANSI: 5
[    4.368429] scsi target2:0:1: Beginning Domain Validation
[    4.373172] random: fast init done
[    4.374696] scsi target2:0:1: Domain Validation skipping write tests
[    4.375922] scsi target2:0:1: Ending Domain Validation
[    4.377168] scsi target2:0:1: asynchronous
[    4.383081] sd 2:0:0:0: Attached scsi generic sg0 type 0
[    4.383122] random: systemd-udevd: uninitialized urandom read (16 bytes read)
[    4.384225] sd 2:0:1:0: Attached scsi generic sg1 type 0
[    4.385559] sd 2:0:0:0: [sda] 20971520 512-byte logical blocks: (10.7 GB/10.0 GiB)
[    4.388102] sd 2:0:0:0: [sda] Write Protect is off
[    4.389724] random: systemd-udevd: uninitialized urandom read (16 bytes read)
[    4.391581] sd 2:0:1:0: [sdb] 20480 512-byte logical blocks: (10.5 MB/10.0 MiB)
[    4.391590] random: systemd-udevd: uninitialized urandom read (16 bytes read)
[    4.393455] sd 2:0:0:0: [sda] Incomplete mode parameter data
[    4.395941] sd 2:0:0:0: [sda] Assuming drive cache: write through
[    4.397128] sd 2:0:1:0: [sdb] Write Protect is off
[    4.398706] sd 2:0:1:0: [sdb] Incomplete mode parameter data
[    4.399855] sd 2:0:1:0: [sdb] Assuming drive cache: write through
[    4.403697]  sda: sda1
[    4.407353] sd 2:0:0:0: [sda] Attached SCSI disk
[    4.408827] sd 2:0:1:0: [sdb] Attached SCSI disk
Begin: Loading essential drivers ... [    6.628344] raid6: sse2x1   gen()  5090 MB/s
[    6.676077] raid6: sse2x1   xor()  3815 MB/s
[    6.724437] raid6: sse2x2   gen()  6267 MB/s
[    6.772039] raid6: sse2x2   xor()  4322 MB/s
[    6.820297] raid6: sse2x4   gen()  7143 MB/s
[    6.868066] raid6: sse2x4   xor()  4547 MB/s
[    6.916252] raid6: avx2x1   gen() 10932 MB/s
[    6.964469] raid6: avx2x1   xor()  7050 MB/s
[    7.012399] raid6: avx2x2   gen() 12056 MB/s
[    7.060302] raid6: avx2x2   xor()  7662 MB/s
[    7.108141] raid6: avx2x4   gen() 13958 MB/s
[    7.156172] raid6: avx2x4   xor()  8615 MB/s
[    7.158417] raid6: using algorithm avx2x4 gen() 13958 MB/s
[    7.162309] raid6: .... xor() 8615 MB/s, rmw enabled
[    7.164646] raid6: using avx2x2 recovery algorithm
[    7.169765] xor: automatically using best checksumming function   avx       
[    7.175097] async_tx: api initialized (async)
done.
Begin: Running /scripts/init-premount ... done.
Begin: Mounting root file system ... Begin: Running /scripts/local-top ... done.
Begin: Running /scripts/local-premount ... [    7.273102] Btrfs loaded, crc32c=crc32c-intel
Scanning for Btrfs filesystems
done.
Warning: fsck not present, so skipping root file system
[    7.341524] EXT4-fs (sda1): mounted filesystem with ordered data mode. Opts: (null)
done.
Begin: Running /scripts/local-bottom ... done.
Begin: Running /scripts/init-bottom ... done.
[    7.661110] ip_tables: (C) 2000-2006 Netfilter Core Team
[    7.678934] systemd[1]: systemd 237 running in system mode. (+PAM +AUDIT +SELINUX +IMA +APPARMOR +SMACK +SYSVINIT +UTMP +LIBCRYPTSETUP +GCRYPT +GNUTLS +ACL +XZ +LZ4 +SECCOMP +BLKID +ELFUTILS +KMOD -IDN2 +IDN -PCRE2 default-hierarchy=hybrid)
[    7.689028] systemd[1]: Detected virtualization oracle.
[    7.691383] systemd[1]: Detected architecture x86-64.

Welcome to [1mUbuntu 18.04.3 LTS[0m!

[    7.713852] systemd[1]: Set hostname to <ubuntu>.
[    7.729838] systemd[1]: Initializing machine ID from random generator.
[    7.732875] systemd[1]: Installed transient /etc/machine-id file.
[    8.093339] systemd[1]: Started Forward Password Requests to Wall Directory Watch.
[[0;32m  OK  [0m] Started Forward Password Requests to Wall Directory Watch.
[    8.104228] systemd[1]: Reached target System Time Synchronized.
[[0;32m  OK  [0m] Reached target System Time Synchronized.
[    8.108224] systemd[1]: Set up automount Arbitrary Executable File Formats File System Automount Point.
[[0;32m  OK  [0m] Set up automount Arbitrary Executab…rmats File System Automount Point.
[    8.117273] systemd[1]: Created slice System Slice.
[[0;32m  OK  [0m] Created slice System Slice.
[[0;32m  OK  [0m] Listening on LVM2 metadata daemon socket.
[[0;32m  OK  [0m] Listening on Journal Socket.
         Mounting POSIX Message Queue File System...
         Mounting Huge Pages File System...
[[0;32m  OK  [0m] Listening on Device-mapper event daemon FIFOs.
[[0;32m  OK  [0m] Listening on udev Control Socket.
         Starting Create list of required st…ce nodes for the current kernel...
         Mounting Kernel Debug File System...
         Starting Set the console keyboard layout...
[[0;32m  OK  [0m] Listening on udev Kernel Socket.
         Starting Remount Root and Kernel File Systems...
         Starting udev Coldplug all Devices...
[[0;32m  OK  [0m] Listening on LVM2 poll daemon socket.
         Starting Load Kernel Modules...
         Starting Uncomplicated firewall...
[[0;32m  OK  [0m] Listening on Journal Audit Socket.
         Starting Monitoring of LVM2 mirrors…ng dmeventd or progress polling...
[[0;32m  OK  [0m] Reached target User and Group Name Lookups.
[[0;32m  OK  [0m] Created slice system-serial\x2dgetty.slice.
[[0;32m  OK  [0m] Created slice User and Session Slice.
[[0;32m  OK  [0m] Reached target Slices.
[[0;32m  OK  [0m] Listening on /dev/initctl Compatibility Named Pipe.
[[0;32m  OK  [0m] Listening on Syslog Socket.
[[0;32m  OK  [0m] Listening on Journal Socket (/dev/log).
         Starting Journal Service...
[[0;32m  OK  [0m] Reached target Swap.
[    8.275318] EXT4-fs (sda1): re-mounted. Opts: (null)
[[0;32m  OK  [0m] Listening on Network Service Netlink Socket.
[[0;32m  OK  [0m] Mounted POSIX Message Queue File System.
[[0;32m  OK  [0m] Mounted Huge Pages File System.
[    8.305228] Loading iSCSI transport class v2.0-870.
[[0;32m  OK  [0m] Started Create list of required sta…vice nodes for the current kernel.
[[0;32m  OK  [0m] Mounted Kernel Debug File System.
[[0;32m  OK  [0m] Started Remount Root and Kernel File Systems.
[[0;32m  OK  [0m] Started Uncomplicated firewall.
         Starting Load/Save Random Seed...
[    8.370954] iscsi: registered transport (tcp)
         Starting Create Static Device Nodes in /dev...
[[0;32m  OK  [0m] Started Load/Save Random Seed.
[[0;32m  OK  [0m] Started udev Coldplug all Devices.
[[0;32m  OK  [0m] Started LVM2 metadata daemon.
[[0;32m  OK  [0m] Started Create Static Device Nodes in /dev.
         Starting udev Kernel Device Manager...
[[0;32m  OK  [0m] Started Journal Service.
         Starting Flush Journal to Persistent Storage...
[    8.529480] iscsi: registered transport (iser)
[[0;32m  OK  [0m] Started Monitoring of LVM2 mirrors,…sing dmeventd or progress polling.
[[0;32m  OK  [0m] Started Load Kernel Modules.
         Starting Apply Kernel Variables...
         Mounting FUSE Control File System...
         Mounting Kernel Configuration File System...
[    8.562263] systemd-journald[398]: Received request to flush runtime journal from PID 1
[[0;32m  OK  [0m] Mounted FUSE Control File System.
[[0;32m  OK  [0m] Mounted Kernel Configuration File System.
[[0;32m  OK  [0m] Started udev Kernel Device Manager.
[[0;32m  OK  [0m] Started Apply Kernel Variables.
[[0;32m  OK  [0m] Started Set the console keyboard layout.
[[0;32m  OK  [0m] Reached target Local File Systems (Pre).
[[0;32m  OK  [0m] Reached target Local File Systems.
         Starting Set console font and keymap...
         Starting ebtables ruleset management...
         Starting AppArmor initialization...
         Starting Commit a transient machine-id on disk...
         Starting Tell Plymouth To Write Out Runtime Data...
[[0;32m  OK  [0m] Started Dispatch Password Requests to Console Directory Watch.
[[0;32m  OK  [0m] Reached target Local Encrypted Volumes.
[[0;32m  OK  [0m] Started Flush Journal to Persistent Storage.
[[0;32m  OK  [0m] Started Set console font and keymap.
         Starting Create Volatile Files and Directories...
[[0;32m  OK  [0m] Started Tell Plymouth To Write Out Runtime Data.
[[0;32m  OK  [0m] Started Create Volatile Files and Directories.
[[0;32m  OK  [0m] Started Commit a transient machine-id on disk.
         Starting Update UTMP about System Boot/Shutdown...
[[0;32m  OK  [0m] Started Update UTMP about System Boot/Shutdown.
[[0;32m  OK  [0m] Started ebtables ruleset management.
[[0;32m  OK  [0m] Found device /dev/ttyS0.
[[0;32m  OK  [0m] Listening on Load/Save RF Kill Switch Status /dev/rfkill Watch.
[[0;32m  OK  [0m] Started AppArmor initialization.
         Starting Initial cloud-init job (pre-networking)...
[   14.109394] cloud-init[541]: Cloud-init v. 19.2-24-ge7881d5c-0ubuntu1~18.04.1 running 'init-local' at Mon, 14 Oct 2019 23:56:34 +0000. Up 13.14 seconds.
[[0;32m  OK  [0m] Started Initial cloud-init job (pre-networking).
[[0;32m  OK  [0m] Reached target Network (Pre).
         Starting Network Service...
[[0;32m  OK  [0m] Started Network Service.
         Starting Network Name Resolution...
         Starting Wait for Network to be Configured...
[[0;32m  OK  [0m] Started Network Name Resolution.
[[0;32m  OK  [0m] Reached target Host and Network Name Lookups.
[[0;32m  OK  [0m] Reached target Network.
[[0;32m  OK  [0m] Started Wait for Network to be Configured.
         Starting Initial cloud-init job (metadata service crawler)...
[   17.911689] cloud-init[657]: Cloud-init v. 19.2-24-ge7881d5c-0ubuntu1~18.04.1 running 'init' at Mon, 14 Oct 2019 23:56:38 +0000. Up 17.43 seconds.
[   17.924564] cloud-init[657]: ci-info: ++++++++++++++++++++++++++++++++++++++Net device info++++++++++++++++++++++++++++++++++++++
[   17.926736] cloud-init[657]: ci-info: +--------+------+----------------------------+---------------+--------+-------------------+
[   17.940268] cloud-init[657]: ci-info: | Device |  Up  |          Address           |      Mask     | Scope  |     Hw-Address    |
[   17.942448] cloud-init[657]: ci-info: +--------+------+----------------------------+---------------+--------+-------------------+
[   17.944412] cloud-init[657]: ci-info: | enp0s3 | True |         10.0.2.15          | 255.255.255.0 | global | 02:50:d4:3b:43:74 |
[   17.946582] cloud-init[657]: ci-info: | enp0s3 | True | fe80::50:d4ff:fe3b:4374/64 |       .       |  link  | 02:50:d4:3b:43:74 |
[   17.960886] cloud-init[657]: ci-info: |   lo   | True |         127.0.0.1          |   255.0.0.0   |  host  |         .         |
[   17.962784] cloud-init[657]: ci-info: |   lo   | True |          ::1/128           |       .       |  host  |         .         |
[   17.964866] cloud-init[657]: ci-info: +--------+------+----------------------------+---------------+--------+-------------------+
[   17.966459] cloud-init[657]: ci-info: ++++++++++++++++++++++++++++Route IPv4 info+++++++++++++++++++++++++++++
[   17.967544] cloud-init[657]: ci-info: +-------+-------------+----------+-----------------+-----------+-------+
[   17.969191] cloud-init[657]: ci-info: | Route | Destination | Gateway  |     Genmask     | Interface | Flags |
[   17.970490] cloud-init[657]: ci-info: +-------+-------------+----------+-----------------+-----------+-------+
[   17.972144] cloud-init[657]: ci-info: |   0   |   0.0.0.0   | 10.0.2.2 |     0.0.0.0     |   enp0s3  |   UG  |
[   17.984798] cloud-init[657]: ci-info: |   1   |   10.0.2.0  | 0.0.0.0  |  255.255.255.0  |   enp0s3  |   U   |
[   17.986683] cloud-init[657]: ci-info: |   2   |   10.0.2.2  | 0.0.0.0  | 255.255.255.255 |   enp0s3  |   UH  |
[   17.988661] cloud-init[657]: ci-info: +-------+-------------+----------+-----------------+-----------+-------+
[   18.000250] cloud-init[657]: ci-info: +++++++++++++++++++Route IPv6 info+++++++++++++++++++
[   18.001410] cloud-init[657]: ci-info: +-------+-------------+---------+-----------+-------+
[   18.012925] cloud-init[657]: ci-info: | Route | Destination | Gateway | Interface | Flags |
[   18.024734] cloud-init[657]: ci-info: +-------+-------------+---------+-----------+-------+
[   18.036633] cloud-init[657]: ci-info: |   1   |  fe80::/64  |    ::   |   enp0s3  |   U   |
[   18.038175] cloud-init[657]: ci-info: |   3   |    local    |    ::   |   enp0s3  |   U   |
[   18.039855] cloud-init[657]: ci-info: |   4   |   ff00::/8  |    ::   |   enp0s3  |   U   |
[   18.041533] cloud-init[657]: ci-info: +-------+-------------+---------+-----------+-------+
[   19.055338] cloud-init[657]: Generating public/private rsa key pair.
[   19.068603] cloud-init[657]: Your identification has been saved in /etc/ssh/ssh_host_rsa_key.
[   19.070193] cloud-init[657]: Your public key has been saved in /etc/ssh/ssh_host_rsa_key.pub.
[   19.071903] cloud-init[657]: The key fingerprint is:
[   19.072726] cloud-init[657]: SHA256:C2IxcdCDhX2O6IprjE7BGcUr8L78Fwjj327F49Nu6fI root@ubuntu-bionic
[   19.074552] cloud-init[657]: The key's randomart image is:
[   19.075644] cloud-init[657]: +---[RSA 2048]----+
[   19.076604] cloud-init[657]: |  ..oBo          |
[   19.077888] cloud-init[657]: |. ..oo+ .        |
[   19.078852] cloud-init[657]: |.o  +. =         |
[   19.088503] cloud-init[657]: |..*..o. .        |
[   19.089374] cloud-init[657]: | *.+o...S        |
[   19.090477] cloud-init[657]: |  +.o...+.       |
[   19.100443] cloud-init[657]: |o+ + . +.o .     |
[   19.112406] cloud-init[657]: |+o+ . + + +      |
[   19.113338] cloud-init[657]: |+o ..+.  BE      |
[   19.124386] cloud-init[657]: +----[SHA256]-----+
[   19.129432] cloud-init[657]: Generating public/private dsa key pair.
[   19.131327] cloud-init[657]: Your identification has been saved in /etc/ssh/ssh_host_dsa_key.
[   19.133630] cloud-init[657]: Your public key has been saved in /etc/ssh/ssh_host_dsa_key.pub.
[   19.136187] cloud-init[657]: The key fingerprint is:
[   19.148234] cloud-init[657]: SHA256:Qdt6c3Ey8fYmtmGszfvvCiyQWxDozWZvTiCWqkZT2Gw root@ubuntu-bionic
[   19.149284] cloud-init[657]: The key's randomart image is:
[   19.150051] cloud-init[657]: +---[DSA 1024]----+
[   19.150632] cloud-init[657]: |       .o   .    |
[   19.151357] cloud-init[657]: |      .. +   o   |
[   19.152074] cloud-init[657]: |   + . ++ . + +  |
[   19.164429] cloud-init[657]: |  . E = *=   B . |
[   19.165092] cloud-init[657]: |   o o +So+ . * o|
[   19.176474] cloud-init[657]: |  o .    =++ * = |
[   19.177193] cloud-init[657]: | . o    .+. + +  |
[[0;32m  OK  [0m] Started Initial cloud-init job (metadata service crawler).
[[0;32m  OK  [0m] Reached target Cloud-config availability.
[[0;32m  OK  [0m] Reached target System Initialization.
[   19.194340] cloud-init[657]: |  o       .. . . |
[   19.212935] cloud-init[657]: | .            o+=|
[   19.214069] cloud-init[657]: +----[SHA256]-----+
[   19.214984] cloud-init[657]: Generating public/private ecdsa key pair.
[   19.216353] cloud-init[657]: Your identification has been saved in /etc/ssh/ssh_host_ecdsa_key.
[   19.218143] cloud-init[657]: Your public key has been saved in /etc/ssh/ssh_host_ecdsa_key.pub.
[   19.220041] cloud-init[657]: The key fingerprint is:
         Starting LXD - unix socket.
[   19.230814] [[0;32m  OK  [0m] Listening on UUID daemon activation socket.
[[0;32m  OK  [0m] Listening on ACPID Listen Socket.
cloud-init[657]: SHA256:ykmj4jbij+olKomHGAdaqQO4zQjQlF1n0ZHFY5Z3XT4 root@ubuntu-bionic
[   19.235733] [[0;32m  OK  [0m] Listening on D-Bus System Message Bus Socket.
cloud-init[657]: The key's randomart image is:
[   19.237717] [[0;32m  OK  [0m] Started Message of the Day.
[[0;32m  OK  [0m] Started Discard unused blocks once a week.
[[0;32m  OK  [0m] Started Daily Cleanup of Temporary Directories.
cloud-init[657]: +---[ECDSA 256]---+
[   19.240632] cloud-init[657]: | o.o .. +o.=..  +|
[   19.241437] cloud-init         Starting Socket activation for snappy daemon.
[[0;32m  OK  [0m] Started Daily apt download activities.
[[0;32m  OK  [0m] Started Daily apt upgrade and clean activities.
[[0;32m  OK  [0m] Reached target Timers.
[[0;32m  OK  [0m] Listening on Open-iSCSI iscsid Socket.
[657]: |. o .  o  o * ..o|
[   19.247685] [[0;32m  OK  [0m] Started ACPI Events Check.
[[0;32m  OK  [0m] Reached target Paths.
[[0;32m  OK  [0m] Reached target Network is Online.
[[0;32m  OK  [0m] Reached target Remote File Systems (Pre).
cloud-init[657]: |o  .       o o E.|
[   19.251371] cloud-init[657]: |= o             .|
[[0;32m  OK  [0m] Reached target Remote File Systems.
[   19.251908] cloud-init[657]: |+O    o S        |
         Starting Availability of block devices...
[   19.265616] [[0;32m  OK  [0m] Listening on LXD - unix socket.
[[0;32m  OK  [0m] Listening on Socket activation for snappy daemon.
cloud-init[[0;32m  OK  [0m] Started Availability of block devices.
[[0;32m  OK  [0m] Reached target Sockets.
[657]: |B +  + +         |
[[0;32m  OK  [0m] Reached target Basic System.
[   19.284819] cloud-init[[0;32m  OK  [0m] Started Deferred execution scheduler.
[657]: |oB... +          |
[   19.292886] cloud-init[657]: |O.B.             |
[   19.294038] cloud-init[657]: |BBoo             |
         Starting Accounts Service...
[   19.306193] cloud-init[657]: +----[SHA256]-----+
[   19.306932]          cloud-initStarting Virtualbox guest utils...[657]: 
Generating public/private ed25519 key pair.
         Starting LSB: Record successful boot for GRUB...
[   19.309104] cloud-init[657]: Your identification has been saved in /etc/ssh/ssh_host_ed25519_key.
[   19.311070] cloud-init         Starting System Logging Service...
[657]: Your public key has been saved in /etc/ssh/ssh_host_ed25519_key.pub.
[   19.313165] cloud-init[657]: The key fingerprint is:
[   19.315405] cloud-init[657]: SHA256:PjRzk4BEGn3DJVlAtnV4tvNjlgAOrfi/yvJiWn2+0pM root@ubuntu-bionic
[   19.316898] cloud-init[657]: The key's randomart image is:
[   19.318362] cloud-init[657]: +--[ED25519 256]--+
[   19.319036] cloud-init[657]: |    .ooo=*+..    |
[   19.319629] cloud-init[657]: |     +.o*++.o    |
[   19.320366] cloud-init[657]: |    . .oo= + .   |
         Starting Dispatcher daemon for systemd-networkd...
[   19.337729] cloud-init[657]: |      . ....+    |
[   19.349841] cloud-init[657]: |       .S +  + . |
         Starting Permit User Sessions...
[   19.353565] cloud-init[657]: |       +.+ .  *  |
         Starting Login Service...
[   19.364955] cloud-init[657]: |      . +o.. o . |
[   19.376340] cloud-init[657]: |     .+..+E      |
[   19.381003] cloud-init[657]: |    .o ++o++     |
[   19.392310] cloud-init[657]: +----[SHA256]-----+
[[0;32m  OK  [0m] Started Regular background program processing daemon.
[[0;32m  OK  [0m] Started irqbalance daemon.
         Starting LSB: automatic crash report generation...
[[0;32m  OK  [0m] Started FUSE filesystem for LXC.
[[0;32m  OK  [0m] Started D-Bus System Message Bus.
[[0;32m  OK  [0m] Started Login Service.
[[0;32m  OK  [0m] Started Unattended Upgrades Shutdown.
         Starting Pollinate to seed the pseudo random number generator...
         Starting Snappy daemon...
         Starting LXD - container startup/shutdown...
[[0;32m  OK  [0m] Started System Logging Service.
[[0;32m  OK  [0m] Started Permit User Sessions.
         Starting Authorization Manager...
         Starting Terminate Plymouth Boot Screen...
         Starting Hold until boot process finishes up...
[[0;32m  OK  [0m] Started Terminate Plymouth Boot Screen.
[[0;32m  OK  [0m] Started Hold until boot process finishes up.
[[0;32m  OK  [0m] Started Serial Getty on ttyS0.
         Starting Set console scheme...
[[0;32m  OK  [0m] Started Set console scheme.
[[0;32m  OK  [0m] Created slice system-getty.slice.
[[0;32m  OK  [0m] Started Getty on tty1.
[[0;32m  OK  [0m] Reached target Login Prompts.
[[0;32m  OK  [0m] Started LSB: automatic crash report generation.
[[0;32m  OK  [0m] Started LSB: Record successful boot for GRUB.
[[0;32m  OK  [0m] Started Virtualbox guest utils.
[[0;32m  OK  [0m] Started Authorization Manager.
[[0;32m  OK  [0m] Started Accounts Service.
[[0;32m  OK  [0m] Started LXD - container startup/shutdown.
[[0;32m  OK  [0m] Started Dispatcher daemon for systemd-networkd.
[[0;32m  OK  [0m] Started Snappy daemon.
         Starting Wait until snapd is fully seeded...
[[0;32m  OK  [0m] Started Pollinate to seed the pseudo random number generator.
         Starting OpenBSD Secure Shell server...
[[0;32m  OK  [0m] Started OpenBSD Secure Shell server.
[[0;32m  OK  [0m] Created slice User Slice of vagrant.
         Starting User Manager for UID 1000...
[[0;32m  OK  [0m] Started Session 1 of user vagrant.
[[0;32m  OK  [0m] Started User Manager for UID 1000.

Ubuntu 18.04.3 LTS ubuntu-bionic ttyS0

ubuntu-bionic login: [   27.735156] cloud-init[1296]: Cloud-init v. 19.2-24-ge7881d5c-0ubuntu1~18.04.1 running 'modules:config' at Mon, 14 Oct 2019 23:56:48 +0000. Up 27.11 seconds.
ci-info: no authorized ssh keys fingerprints found for user ubuntu.
<14>Oct 14 23:56:49 ec2: 
<14>Oct 14 23:56:49 ec2: #############################################################
<14>Oct 14 23:56:49 ec2: -----BEGIN SSH HOST KEY FINGERPRINTS-----
<14>Oct 14 23:56:49 ec2: 1024 SHA256:Qdt6c3Ey8fYmtmGszfvvCiyQWxDozWZvTiCWqkZT2Gw root@ubuntu-bionic (DSA)
<14>Oct 14 23:56:49 ec2: 256 SHA256:ykmj4jbij+olKomHGAdaqQO4zQjQlF1n0ZHFY5Z3XT4 root@ubuntu-bionic (ECDSA)
<14>Oct 14 23:56:49 ec2: 256 SHA256:PjRzk4BEGn3DJVlAtnV4tvNjlgAOrfi/yvJiWn2+0pM root@ubuntu-bionic (ED25519)
<14>Oct 14 23:56:49 ec2: 2048 SHA256:C2IxcdCDhX2O6IprjE7BGcUr8L78Fwjj327F49Nu6fI root@ubuntu-bionic (RSA)
<14>Oct 14 23:56:49 ec2: -----END SSH HOST KEY FINGERPRINTS-----
<14>Oct 14 23:56:49 ec2: #############################################################
-----BEGIN SSH HOST KEY KEYS-----
ecdsa-sha2-nistp256 AAAAE2VjZHNhLXNoYTItbmlzdHAyNTYAAAAIbmlzdHAyNTYAAABBBMtd2wNlKGBPokbCdhn530+465dj/0a9mchzBJKGjYoM8v7fKmOYqus/rcwcjyaHjIkbtY5vsqxoTSgi3GCpg8A= root@ubuntu-bionic
ssh-ed25519 AAAAC3NzaC1lZDI1NTE5AAAAICsEbiO6AL8MNhnc+0kR0Uj8gJaSQ86eUu/eeqNMLzKK root@ubuntu-bionic
ssh-rsa AAAAB3NzaC1yc2EAAAADAQABAAABAQCzkvcMHnSsiBh1IDxvEHyB6lJlXrO5FcexjSG5auqysLSzssq03QIhsL+t098IhF/4cBdfrIvE130q8T0o+aoukDVaCOUT5GTjCZW7E8d5CJXX41kcpiCQ/HlmVj/xUk/irSgGOLcQoqc6Bxtwnov1hBSqCuwLWg1cprl5YG7FnlKNrqz9oQ5vNkx3vxYYCIUuIhGI22IGp8FvhLDRH548S/IIjFnlL0A7mkCSvejSRFKxfmY5ZQgQ5ZZmC+UOUcg5VW5BH1TN7j/8MrNjaPj4lb3LGIy3AHUwa4rV9/GtTkuYPIr6cnaBtSpuu3TH1u8KDBUewSztEMvX8v5Sxq+h root@ubuntu-bionic
-----END SSH HOST KEY KEYS-----
[   28.835409] cloud-init[1441]: Cloud-init v. 19.2-24-ge7881d5c-0ubuntu1~18.04.1 running 'modules:final' at Mon, 14 Oct 2019 23:56:49 +0000. Up 28.61 seconds.
[   28.836958] cloud-init[1441]: ci-info: no authorized ssh keys fingerprints found for user ubuntu.
[   28.837224] cloud-init[1441]: Cloud-init v. 19.2-24-ge7881d5c-0ubuntu1~18.04.1 finished at Mon, 14 Oct 2019 23:56:49 +0000. Datasource DataSourceNoCloud [seed=/dev/sdb][dsmode=net].  Up 28.82 seconds
